manifest_merge_blame_file/debug/manifest-merger-blame-debug-report.txt
1<?xml version="1.0" encoding="utf-8"?>
2<manifest xmlns:android="http://schemas.android.com/apk/res/android"
3    package="com.example.surveyapplication"
4    android:versionCode="1"
5    android:versionName="1.0" >
6
7    <uses-sdk
8        android:minSdkVersion="21"
8-->src\main\AndroidManifest.xml
9        android:targetSdkVersion="33" />
9-->src\main\AndroidManifest.xml
10
11    <application
11-->src\main\AndroidManifest.xml:5:5-40:19
12        android:allowBackup="true"
12-->src\main\AndroidManifest.xml:6:9-35
13        android:appComponentFactory="androidx.core.app.CoreComponentFactory"
13-->[androidx.core:core:1.7.0] AndroidManifest.xml:24:18-86
14        android:dataExtractionRules="@xml/data_extraction_rules"
14-->src\main\AndroidManifest.xml:7:9-65
15        android:debuggable="true"
16        android:fullBackupContent="@xml/backup_rules"
16-->src\main\AndroidManifest.xml:8:9-54
17        android:icon="@mipmap/ic_launcher"
17-->src\main\AndroidManifest.xml:9:9-43
18        android:label="@string/app_name"
18-->src\main\AndroidManifest.xml:10:9-41
19        android:supportsRtl="true"
19-->src\main\AndroidManifest.xml:11:9-35
20        android:testOnly="true"
21        android:theme="@style/Theme.SurveyApplication" >
21-->src\main\AndroidManifest.xml:12:9-55
22        <activity
22-->src\main\AndroidManifest.xml:14:9-18:62
23            android:name="com.example.surveyapplication.RegisterActivity"
23-->src\main\AndroidManifest.xml:15:13-45
24            android:exported="false"
24-->src\main\AndroidManifest.xml:16:13-37
25            android:label="@string/title_activity_register"
25-->src\main\AndroidManifest.xml:17:13-60
26            android:theme="@style/Theme.SurveyApplication" />
26-->src\main\AndroidManifest.xml:18:13-59
27        <activity
27-->src\main\AndroidManifest.xml:19:9-23:62
28            android:name="com.example.surveyapplication.MainActivity"
28-->src\main\AndroidManifest.xml:20:13-41
29            android:exported="false"
29-->src\main\AndroidManifest.xml:21:13-37
30            android:label="MainActivity"
30-->src\main\AndroidManifest.xml:22:13-41
31            android:theme="@style/Theme.SurveyApplication" />
31-->src\main\AndroidManifest.xml:23:13-59
32        <activity
32-->src\main\AndroidManifest.xml:24:9-28:62
33            android:name="com.example.surveyapplication.AdminActivity"
33-->src\main\AndroidManifest.xml:25:13-42
34            android:exported="false"
34-->src\main\AndroidManifest.xml:26:13-37
35            android:label="@string/title_activity_admin"
35-->src\main\AndroidManifest.xml:27:13-57
36            android:theme="@style/Theme.SurveyApplication" />
36-->src\main\AndroidManifest.xml:28:13-59
37        <activity
37-->src\main\AndroidManifest.xml:29:9-39:20
38            android:name="com.example.surveyapplication.LoginActivity"
38-->src\main\AndroidManifest.xml:30:13-42
39            android:exported="true"
39-->src\main\AndroidManifest.xml:31:13-36
40            android:label="@string/app_name"
40-->src\main\AndroidManifest.xml:32:13-45
41            android:theme="@style/Theme.SurveyApplication" >
41-->src\main\AndroidManifest.xml:33:13-59
42            <intent-filter>
42-->src\main\AndroidManifest.xml:34:13-38:29
43                <action android:name="android.intent.action.MAIN" />
43-->src\main\AndroidManifest.xml:35:17-69
43-->src\main\AndroidManifest.xml:35:25-66
44
45                <category android:name="android.intent.category.LAUNCHER" />
45-->src\main\AndroidManifest.xml:37:17-77
45-->src\main\AndroidManifest.xml:37:27-74
46            </intent-filter>
47        </activity>
48
49        <service
49-->[androidx.room:room-runtime:2.5.0] AndroidManifest.xml:24:9-28:63
50            android:name="androidx.room.MultiInstanceInvalidationService"
50-->[androidx.room:room-runtime:2.5.0] AndroidManifest.xml:25:13-74
51            android:directBootAware="true"
51-->[androidx.room:room-runtime:2.5.0] AndroidManifest.xml:26:13-43
52            android:exported="false" />
52-->[androidx.room:room-runtime:2.5.0] AndroidManifest.xml:27:13-37
53
54        <activity
54-->[androidx.compose.ui:ui-tooling:1.2.0] AndroidManifest.xml:24:9-26:39
55            android:name="androidx.compose.ui.tooling.PreviewActivity"
55-->[androidx.compose.ui:ui-tooling:1.2.0] AndroidManifest.xml:25:13-71
56            android:exported="true" />
56-->[androidx.compose.ui:ui-tooling:1.2.0] AndroidManifest.xml:26:13-36
57        <activity
57-->[androidx.compose.ui:ui-test-manifest:1.2.0] AndroidManifest.xml:24:9-26:39
58            android:name="androidx.activity.ComponentActivity"
58-->[androidx.compose.ui:ui-test-manifest:1.2.0] AndroidManifest.xml:25:13-63
59            android:exported="true" />
59-->[androidx.compose.ui:ui-test-manifest:1.2.0] AndroidManifest.xml:26:13-36
60
61        <provider
61-->[androidx.profileinstaller:profileinstaller:1.2.0] AndroidManifest.xml:25:9-33:20
62            android:name="androidx.startup.InitializationProvider"
62-->[androidx.profileinstaller:profileinstaller:1.2.0] AndroidManifest.xml:26:13-67
63            android:authorities="com.example.surveyapplication.androidx-startup"
63-->[androidx.profileinstaller:profileinstaller:1.2.0] AndroidManifest.xml:27:13-68
64            android:exported="false" >
64-->[androidx.profileinstaller:profileinstaller:1.2.0] AndroidManifest.xml:28:13-37
65            <meta-data
65-->[androidx.profileinstaller:profileinstaller:1.2.0] AndroidManifest.xml:30:13-32:52
66                android:name="androidx.profileinstaller.ProfileInstallerInitializer"
66-->[androidx.profileinstaller:profileinstaller:1.2.0] AndroidManifest.xml:31:17-85
67                android:value="androidx.startup" />
67-->[androidx.profileinstaller:profileinstaller:1.2.0] AndroidManifest.xml:32:17-49
68        </provider>
69
70        <receiver
70-->[androidx.profileinstaller:profileinstaller:1.2.0] AndroidManifest.xml:35:9-47:20
71            android:name="androidx.profileinstaller.ProfileInstallReceiver"
71-->[androidx.profileinstaller:profileinstaller:1.2.0] AndroidManifest.xml:36:13-76
72            android:directBootAware="false"
72-->[androidx.profileinstaller:profileinstaller:1.2.0] AndroidManifest.xml:37:13-44
73            android:enabled="true"
73-->[androidx.profileinstaller:profileinstaller:1.2.0] AndroidManifest.xml:38:13-35
74            android:exported="true"
74-->[androidx.profileinstaller:profileinstaller:1.2.0] AndroidManifest.xml:39:13-36
75            android:permission="android.permission.DUMP" >
75-->[androidx.profileinstaller:profileinstaller:1.2.0] AndroidManifest.xml:40:13-57
76            <intent-filter>
76-->[androidx.profileinstaller:profileinstaller:1.2.0] AndroidManifest.xml:41:13-43:29
77                <action android:name="androidx.profileinstaller.action.INSTALL_PROFILE" />
77-->[androidx.profileinstaller:profileinstaller:1.2.0] AndroidManifest.xml:42:17-91
77-->[androidx.profileinstaller:profileinstaller:1.2.0] AndroidManifest.xml:42:25-88
78            </intent-filter>
79            <intent-filter>
79-->[androidx.profileinstaller:profileinstaller:1.2.0] AndroidManifest.xml:44:13-46:29
80                <action android:name="androidx.profileinstaller.action.SKIP_FILE" />
80-->[androidx.profileinstaller:profileinstaller:1.2.0] AndroidManifest.xml:45:17-85
80-->[androidx.profileinstaller:profileinstaller:1.2.0] AndroidManifest.xml:45:25-82
81            </intent-filter>
82        </receiver>
83    </application>
84
85</manifest>